# JRE version: Java(TM) SE Runtime Environment (8.0_251-b08) (build 1.8.0_251-b08)
# Java VM: Java HotSpot(TM) 64-Bit Server VM (25.251-b08 mixed mode windows-amd64 compressed oops)
Heap:
 PSYoungGen      total 332800K, used 283107K [0x00000000d5f00000, 0x00000000f1180000, 0x0000000100000000)
  eden space 317952K, 84% used [0x00000000d5f00000,0x00000000e64fac18,0x00000000e9580000)
  from space 14848K, 99% used [0x00000000e9580000,0x00000000ea3fe280,0x00000000ea400000)
  to   space 17408K, 0% used [0x00000000f0080000,0x00000000f0080000,0x00000000f1180000)
 ParOldGen       total 92672K, used 27282K [0x0000000081c00000, 0x0000000087680000, 0x00000000d5f00000)
  object space 92672K, 29% used [0x0000000081c00000,0x00000000836a4990,0x0000000087680000)
 Metaspace       used 49720K, capacity 50524K, committed 50776K, reserved 1093632K
  class space    used 6852K, capacity 7014K, committed 7040K, reserved 1048576K
GC Heap History (10 events):
Event: 12.375 GC heap before
{Heap before GC invocations=9 (full 1):
 PSYoungGen      total 144384K, used 133120K [0x00000000d5f00000, 0x00000000e7a00000, 0x0000000100000000)
  eden space 133120K, 100% used [0x00000000d5f00000,0x00000000de100000,0x00000000de100000)
  from space 11264K, 0% used [0x00000000de100000,0x00000000de100000,0x00000000dec00000)
  to   space 11776K, 0% used [0x00000000e6e80000,0x00000000e6e80000,0x00000000e7a00000)
 ParOldGen       total 65024K, used 17804K [0x0000000081c00000, 0x0000000085b80000, 0x00000000d5f00000)
  object space 65024K, 27% used [0x0000000081c00000,0x0000000082d63030,0x0000000085b80000)
 Metaspace       used 23705K, capacity 24200K, committed 24320K, reserved 1071104K
  class space    used 3110K, capacity 3249K, committed 3328K, reserved 1048576K
Event: 12.383 GC heap after
Heap after GC invocations=9 (full 1):
 PSYoungGen      total 231936K, used 5357K [0x00000000d5f00000, 0x00000000e7400000, 0x0000000100000000)
  eden space 226304K, 0% used [0x00000000d5f00000,0x00000000d5f00000,0x00000000e3c00000)
  from space 5632K, 95% used [0x00000000e6e80000,0x00000000e73bb7f0,0x00000000e7400000)
  to   space 11776K, 0% used [0x00000000e5d00000,0x00000000e5d00000,0x00000000e6880000)
 ParOldGen       total 65024K, used 17812K [0x0000000081c00000, 0x0000000085b80000, 0x00000000d5f00000)
  object space 65024K, 27% used [0x0000000081c00000,0x0000000082d65030,0x0000000085b80000)
 Metaspace       used 23705K, capacity 24200K, committed 24320K, reserved 1071104K
  class space    used 3110K, capacity 3249K, committed 3328K, reserved 1048576K
}
Event: 14.607 GC heap before
{Heap before GC invocations=10 (full 1):
 PSYoungGen      total 231936K, used 231661K [0x00000000d5f00000, 0x00000000e7400000, 0x0000000100000000)
  eden space 226304K, 100% used [0x00000000d5f00000,0x00000000e3c00000,0x00000000e3c00000)
  from space 5632K, 95% used [0x00000000e6e80000,0x00000000e73bb7f0,0x00000000e7400000)
  to   space 11776K, 0% used [0x00000000e5d00000,0x00000000e5d00000,0x00000000e6880000)
 ParOldGen       total 65024K, used 17812K [0x0000000081c00000, 0x0000000085b80000, 0x00000000d5f00000)
  object space 65024K, 27% used [0x0000000081c00000,0x0000000082d65030,0x0000000085b80000)
 Metaspace       used 29576K, capacity 30062K, committed 30464K, reserved 1075200K
  class space    used 3865K, capacity 3970K, committed 4096K, reserved 1048576K
Event: 14.633 GC heap after
Heap after GC invocations=10 (full 1):
 PSYoungGen      total 271872K, used 11764K [0x00000000d5f00000, 0x00000000eb180000, 0x0000000100000000)
  eden space 260096K, 0% used [0x00000000d5f00000,0x00000000d5f00000,0x00000000e5d00000)
  from space 11776K, 99% used [0x00000000e5d00000,0x00000000e687d328,0x00000000e6880000)
  to   space 13824K, 0% used [0x00000000ea400000,0x00000000ea400000,0x00000000eb180000)
 ParOldGen       total 65024K, used 19206K [0x0000000081c00000, 0x0000000085b80000, 0x00000000d5f00000)
  object space 65024K, 29% used [0x0000000081c00000,0x0000000082ec19e0,0x0000000085b80000)
 Metaspace       used 29576K, capacity 30062K, committed 30464K, reserved 1075200K
  class space    used 3865K, capacity 3970K, committed 4096K, reserved 1048576K
}
Event: 19.849 GC heap before
{Heap before GC invocations=11 (full 1):
 PSYoungGen      total 271872K, used 139896K [0x00000000d5f00000, 0x00000000eb180000, 0x0000000100000000)
  eden space 260096K, 49% used [0x00000000d5f00000,0x00000000ddc20e58,0x00000000e5d00000)
  from space 11776K, 99% used [0x00000000e5d00000,0x00000000e687d328,0x00000000e6880000)
  to   space 13824K, 0% used [0x00000000ea400000,0x00000000ea400000,0x00000000eb180000)
 ParOldGen       total 65024K, used 19206K [0x0000000081c00000, 0x0000000085b80000, 0x00000000d5f00000)
  object space 65024K, 29% used [0x0000000081c00000,0x0000000082ec19e0,0x0000000085b80000)
 Metaspace       used 34659K, capacity 35254K, committed 35416K, reserved 1079296K
  class space    used 4554K, capacity 4686K, committed 4736K, reserved 1048576K
Event: 19.875 GC heap after
Heap after GC invocations=11 (full 1):
 PSYoungGen      total 331776K, used 12664K [0x00000000d5f00000, 0x00000000edb80000, 0x0000000100000000)
  eden space 317952K, 0% used [0x00000000d5f00000,0x00000000d5f00000,0x00000000e9580000)
  from space 13824K, 91% used [0x00000000ea400000,0x00000000eb05e378,0x00000000eb180000)
  to   space 14848K, 0% used [0x00000000e9580000,0x00000000e9580000,0x00000000ea400000)
 ParOldGen       total 65024K, used 21198K [0x0000000081c00000, 0x0000000085b80000, 0x00000000d5f00000)
  object space 65024K, 32% used [0x0000000081c00000,0x00000000830b39e0,0x0000000085b80000)
 Metaspace       used 34659K, capacity 35254K, committed 35416K, reserved 1079296K
  class space    used 4554K, capacity 4686K, committed 4736K, reserved 1048576K
}
Event: 19.875 GC heap before
{Heap before GC invocations=12 (full 2):
 PSYoungGen      total 331776K, used 12664K [0x00000000d5f00000, 0x00000000edb80000, 0x0000000100000000)
  eden space 317952K, 0% used [0x00000000d5f00000,0x00000000d5f00000,0x00000000e9580000)
  from space 13824K, 91% used [0x00000000ea400000,0x00000000eb05e378,0x00000000eb180000)
  to   space 14848K, 0% used [0x00000000e9580000,0x00000000e9580000,0x00000000ea400000)
 ParOldGen       total 65024K, used 21198K [0x0000000081c00000, 0x0000000085b80000, 0x00000000d5f00000)
  object space 65024K, 32% used [0x0000000081c00000,0x00000000830b39e0,0x0000000085b80000)
 Metaspace       used 34659K, capacity 35254K, committed 35416K, reserved 1079296K
  class space    used 4554K, capacity 4686K, committed 4736K, reserved 1048576K
Event: 20.036 GC heap after
Heap after GC invocations=12 (full 2):
 PSYoungGen      total 331776K, used 0K [0x00000000d5f00000, 0x00000000edb80000, 0x0000000100000000)
  eden space 317952K, 0% used [0x00000000d5f00000,0x00000000d5f00000,0x00000000e9580000)
  from space 13824K, 0% used [0x00000000ea400000,0x00000000ea400000,0x00000000eb180000)
  to   space 14848K, 0% used [0x00000000e9580000,0x00000000e9580000,0x00000000ea400000)
 ParOldGen       total 92672K, used 25606K [0x0000000081c00000, 0x0000000087680000, 0x00000000d5f00000)
  object space 92672K, 27% used [0x0000000081c00000,0x0000000083501968,0x0000000087680000)
 Metaspace       used 34659K, capacity 35254K, committed 35416K, reserved 1079296K
  class space    used 4554K, capacity 4686K, committed 4736K, reserved 1048576K
}
Event: 25.313 GC heap before
{Heap before GC invocations=13 (full 2):
 PSYoungGen      total 331776K, used 317952K [0x00000000d5f00000, 0x00000000edb80000, 0x0000000100000000)
  eden space 317952K, 100% used [0x00000000d5f00000,0x00000000e9580000,0x00000000e9580000)
  from space 13824K, 0% used [0x00000000ea400000,0x00000000ea400000,0x00000000eb180000)
  to   space 14848K, 0% used [0x00000000e9580000,0x00000000e9580000,0x00000000ea400000)
 ParOldGen       total 92672K, used 25606K [0x0000000081c00000, 0x0000000087680000, 0x00000000d5f00000)
  object space 92672K, 27% used [0x0000000081c00000,0x0000000083501968,0x0000000087680000)
 Metaspace       used 43988K, capacity 44656K, committed 45144K, reserved 1087488K
  class space    used 6054K, capacity 6205K, committed 6272K, reserved 1048576K
Event: 25.338 GC heap after
Heap after GC invocations=13 (full 2):
 PSYoungGen      total 332800K, used 14840K [0x00000000d5f00000, 0x00000000f1180000, 0x0000000100000000)
  eden space 317952K, 0% used [0x00000000d5f00000,0x00000000d5f00000,0x00000000e9580000)
  from space 14848K, 99% used [0x00000000e9580000,0x00000000ea3fe280,0x00000000ea400000)
  to   space 17408K, 0% used [0x00000000f0080000,0x00000000f0080000,0x00000000f1180000)
 ParOldGen       total 92672K, used 27282K [0x0000000081c00000, 0x0000000087680000, 0x00000000d5f00000)
  object space 92672K, 29% used [0x0000000081c00000,0x00000000836a4990,0x0000000087680000)
 Metaspace       used 43988K, capacity 44656K, committed 45144K, reserved 1087488K
  class space    used 6054K, capacity 6205K, committed 6272K, reserved 1048576K
}

