# JRE version: Java(TM) SE Runtime Environment (8.0_251-b08) (build 1.8.0_251-b08)
# Java VM: Java HotSpot(TM) 64-Bit Server VM (25.251-b08 mixed mode windows-amd64 compressed oops)
Heap:
 PSYoungGen      total 400896K, used 317313K [0x00000000d5f00000, 0x00000000f7880000, 0x0000000100000000)
  eden space 396288K, 78% used [0x00000000d5f00000,0x00000000e90a04a8,0x00000000ee200000)
  from space 4608K, 94% used [0x00000000f5e80000,0x00000000f62c0060,0x00000000f6300000)
  to   space 14848K, 0% used [0x00000000f6a00000,0x00000000f6a00000,0x00000000f7880000)
 ParOldGen       total 91648K, used 33372K [0x0000000081c00000, 0x0000000087580000, 0x00000000d5f00000)
  object space 91648K, 36% used [0x0000000081c00000,0x0000000083c970a0,0x0000000087580000)
 Metaspace       used 48496K, capacity 49212K, committed 49496K, reserved 1091584K
  class space    used 6797K, capacity 6972K, committed 7040K, reserved 1048576K
GC Heap History (10 events):
Event: 198.362 GC heap before
{Heap before GC invocations=17 (full 2):
 PSYoungGen      total 479744K, used 477408K [0x00000000d5f00000, 0x00000000f4d00000, 0x0000000100000000)
  eden space 473088K, 100% used [0x00000000d5f00000,0x00000000f2d00000,0x00000000f2d00000)
  from space 6656K, 64% used [0x00000000f4680000,0x00000000f4ab8060,0x00000000f4d00000)
  to   space 16384K, 0% used [0x00000000f2d00000,0x00000000f2d00000,0x00000000f3d00000)
 ParOldGen       total 91648K, used 33356K [0x0000000081c00000, 0x0000000087580000, 0x00000000d5f00000)
  object space 91648K, 36% used [0x0000000081c00000,0x0000000083c930a0,0x0000000087580000)
 Metaspace       used 48442K, capacity 49116K, committed 49496K, reserved 1091584K
  class space    used 6791K, capacity 6940K, committed 7040K, reserved 1048576K
Event: 198.378 GC heap after
Heap after GC invocations=17 (full 2):
 PSYoungGen      total 489472K, used 4400K [0x00000000d5f00000, 0x00000000f9700000, 0x0000000100000000)
  eden space 473088K, 0% used [0x00000000d5f00000,0x00000000d5f00000,0x00000000f2d00000)
  from space 16384K, 26% used [0x00000000f2d00000,0x00000000f314c050,0x00000000f3d00000)
  to   space 16384K, 0% used [0x00000000f8700000,0x00000000f8700000,0x00000000f9700000)
 ParOldGen       total 91648K, used 33356K [0x0000000081c00000, 0x0000000087580000, 0x00000000d5f00000)
  object space 91648K, 36% used [0x0000000081c00000,0x0000000083c930a0,0x0000000087580000)
 Metaspace       used 48442K, capacity 49116K, committed 49496K, reserved 1091584K
  class space    used 6791K, capacity 6940K, committed 7040K, reserved 1048576K
}
Event: 246.495 GC heap before
{Heap before GC invocations=18 (full 2):
 PSYoungGen      total 489472K, used 477488K [0x00000000d5f00000, 0x00000000f9700000, 0x0000000100000000)
  eden space 473088K, 100% used [0x00000000d5f00000,0x00000000f2d00000,0x00000000f2d00000)
  from space 16384K, 26% used [0x00000000f2d00000,0x00000000f314c050,0x00000000f3d00000)
  to   space 16384K, 0% used [0x00000000f8700000,0x00000000f8700000,0x00000000f9700000)
 ParOldGen       total 91648K, used 33356K [0x0000000081c00000, 0x0000000087580000, 0x00000000d5f00000)
  object space 91648K, 36% used [0x0000000081c00000,0x0000000083c930a0,0x0000000087580000)
 Metaspace       used 48442K, capacity 49116K, committed 49496K, reserved 1091584K
  class space    used 6791K, capacity 6940K, committed 7040K, reserved 1048576K
Event: 246.505 GC heap after
Heap after GC invocations=18 (full 2):
 PSYoungGen      total 457216K, used 4416K [0x00000000d5f00000, 0x00000000f8b80000, 0x0000000100000000)
  eden space 452608K, 0% used [0x00000000d5f00000,0x00000000d5f00000,0x00000000f1900000)
  from space 4608K, 95% used [0x00000000f8700000,0x00000000f8b50040,0x00000000f8b80000)
  to   space 15872K, 0% used [0x00000000f6c80000,0x00000000f6c80000,0x00000000f7c00000)
 ParOldGen       total 91648K, used 33364K [0x0000000081c00000, 0x0000000087580000, 0x00000000d5f00000)
  object space 91648K, 36% used [0x0000000081c00000,0x0000000083c950a0,0x0000000087580000)
 Metaspace       used 48442K, capacity 49116K, committed 49496K, reserved 1091584K
  class space    used 6791K, capacity 6940K, committed 7040K, reserved 1048576K
}
Event: 285.470 GC heap before
{Heap before GC invocations=19 (full 2):
 PSYoungGen      total 457216K, used 457024K [0x00000000d5f00000, 0x00000000f8b80000, 0x0000000100000000)
  eden space 452608K, 100% used [0x00000000d5f00000,0x00000000f1900000,0x00000000f1900000)
  from space 4608K, 95% used [0x00000000f8700000,0x00000000f8b50040,0x00000000f8b80000)
  to   space 15872K, 0% used [0x00000000f6c80000,0x00000000f6c80000,0x00000000f7c00000)
 ParOldGen       total 91648K, used 33364K [0x0000000081c00000, 0x0000000087580000, 0x00000000d5f00000)
  object space 91648K, 36% used [0x0000000081c00000,0x0000000083c950a0,0x0000000087580000)
 Metaspace       used 48442K, capacity 49116K, committed 49496K, reserved 1091584K
  class space    used 6791K, capacity 6940K, committed 7040K, reserved 1048576K
Event: 285.478 GC heap after
Heap after GC invocations=19 (full 2):
 PSYoungGen      total 437760K, used 4416K [0x00000000d5f00000, 0x00000000f8780000, 0x0000000100000000)
  eden space 433152K, 0% used [0x00000000d5f00000,0x00000000d5f00000,0x00000000f0600000)
  from space 4608K, 95% used [0x00000000f6c80000,0x00000000f70d0060,0x00000000f7100000)
  to   space 15872K, 0% used [0x00000000f7800000,0x00000000f7800000,0x00000000f8780000)
 ParOldGen       total 91648K, used 33364K [0x0000000081c00000, 0x0000000087580000, 0x00000000d5f00000)
  object space 91648K, 36% used [0x0000000081c00000,0x0000000083c950a0,0x0000000087580000)
 Metaspace       used 48442K, capacity 49116K, committed 49496K, reserved 1091584K
  class space    used 6791K, capacity 6940K, committed 7040K, reserved 1048576K
}
Event: 325.551 GC heap before
{Heap before GC invocations=20 (full 2):
 PSYoungGen      total 437760K, used 437568K [0x00000000d5f00000, 0x00000000f8780000, 0x0000000100000000)
  eden space 433152K, 100% used [0x00000000d5f00000,0x00000000f0600000,0x00000000f0600000)
  from space 4608K, 95% used [0x00000000f6c80000,0x00000000f70d0060,0x00000000f7100000)
  to   space 15872K, 0% used [0x00000000f7800000,0x00000000f7800000,0x00000000f8780000)
 ParOldGen       total 91648K, used 33364K [0x0000000081c00000, 0x0000000087580000, 0x00000000d5f00000)
  object space 91648K, 36% used [0x0000000081c00000,0x0000000083c950a0,0x0000000087580000)
 Metaspace       used 48443K, capacity 49116K, committed 49496K, reserved 1091584K
  class space    used 6791K, capacity 6940K, committed 7040K, reserved 1048576K
Event: 325.558 GC heap after
Heap after GC invocations=20 (full 2):
 PSYoungGen      total 418816K, used 4352K [0x00000000d5f00000, 0x00000000f7c80000, 0x0000000100000000)
  eden space 414208K, 0% used [0x00000000d5f00000,0x00000000d5f00000,0x00000000ef380000)
  from space 4608K, 94% used [0x00000000f7800000,0x00000000f7c40060,0x00000000f7c80000)
  to   space 15360K, 0% used [0x00000000f5e80000,0x00000000f5e80000,0x00000000f6d80000)
 ParOldGen       total 91648K, used 33364K [0x0000000081c00000, 0x0000000087580000, 0x00000000d5f00000)
  object space 91648K, 36% used [0x0000000081c00000,0x0000000083c950a0,0x0000000087580000)
 Metaspace       used 48443K, capacity 49116K, committed 49496K, reserved 1091584K
  class space    used 6791K, capacity 6940K, committed 7040K, reserved 1048576K
}
Event: 380.717 GC heap before
{Heap before GC invocations=21 (full 2):
 PSYoungGen      total 418816K, used 418560K [0x00000000d5f00000, 0x00000000f7c80000, 0x0000000100000000)
  eden space 414208K, 100% used [0x00000000d5f00000,0x00000000ef380000,0x00000000ef380000)
  from space 4608K, 94% used [0x00000000f7800000,0x00000000f7c40060,0x00000000f7c80000)
  to   space 15360K, 0% used [0x00000000f5e80000,0x00000000f5e80000,0x00000000f6d80000)
 ParOldGen       total 91648K, used 33364K [0x0000000081c00000, 0x0000000087580000, 0x00000000d5f00000)
  object space 91648K, 36% used [0x0000000081c00000,0x0000000083c950a0,0x0000000087580000)
 Metaspace       used 48443K, capacity 49116K, committed 49496K, reserved 1091584K
  class space    used 6791K, capacity 6940K, committed 7040K, reserved 1048576K
Event: 380.725 GC heap after
Heap after GC invocations=21 (full 2):
 PSYoungGen      total 400896K, used 4352K [0x00000000d5f00000, 0x00000000f7880000, 0x0000000100000000)
  eden space 396288K, 0% used [0x00000000d5f00000,0x00000000d5f00000,0x00000000ee200000)
  from space 4608K, 94% used [0x00000000f5e80000,0x00000000f62c0060,0x00000000f6300000)
  to   space 14848K, 0% used [0x00000000f6a00000,0x00000000f6a00000,0x00000000f7880000)
 ParOldGen       total 91648K, used 33372K [0x0000000081c00000, 0x0000000087580000, 0x00000000d5f00000)
  object space 91648K, 36% used [0x0000000081c00000,0x0000000083c970a0,0x0000000087580000)
 Metaspace       used 48443K, capacity 49116K, committed 49496K, reserved 1091584K
  class space    used 6791K, capacity 6940K, committed 7040K, reserved 1048576K
}

