# JRE version: Java(TM) SE Runtime Environment (8.0_251-b08) (build 1.8.0_251-b08)
# Java VM: Java HotSpot(TM) 64-Bit Server VM (25.251-b08 mixed mode windows-amd64 compressed oops)
Heap:
 PSYoungGen      total 311808K, used 49796K [0x00000000d5f00000, 0x00000000ecc80000, 0x0000000100000000)
  eden space 299008K, 13% used [0x00000000d5f00000,0x00000000d8727308,0x00000000e8300000)
  from space 12800K, 67% used [0x00000000e8300000,0x00000000e8b7a0a0,0x00000000e8f80000)
  to   space 12800K, 0% used [0x00000000ec000000,0x00000000ec000000,0x00000000ecc80000)
 ParOldGen       total 92672K, used 30519K [0x0000000081c00000, 0x0000000087680000, 0x00000000d5f00000)
  object space 92672K, 32% used [0x0000000081c00000,0x00000000839cde18,0x0000000087680000)
 Metaspace       used 48734K, capacity 49414K, committed 49880K, reserved 1091584K
  class space    used 6699K, capacity 6861K, committed 6912K, reserved 1048576K
GC Heap History (10 events):
Event: 18.592 GC heap before
{Heap before GC invocations=13 (full 1):
 PSYoungGen      total 173056K, used 172957K [0x00000000d5f00000, 0x00000000e4900000, 0x0000000100000000)
  eden space 163328K, 100% used [0x00000000d5f00000,0x00000000dfe80000,0x00000000dfe80000)
  from space 9728K, 98% used [0x00000000dfe80000,0x00000000e07e74b0,0x00000000e0800000)
  to   space 10752K, 0% used [0x00000000e3e80000,0x00000000e3e80000,0x00000000e4900000)
 ParOldGen       total 57856K, used 13883K [0x0000000081c00000, 0x0000000085480000, 0x00000000d5f00000)
  object space 57856K, 23% used [0x0000000081c00000,0x000000008298ef88,0x0000000085480000)
 Metaspace       used 32395K, capacity 32976K, committed 33280K, reserved 1079296K
  class space    used 4212K, capacity 4333K, committed 4352K, reserved 1048576K
Event: 18.610 GC heap after
Heap after GC invocations=13 (full 1):
 PSYoungGen      total 228864K, used 6998K [0x00000000d5f00000, 0x00000000e5480000, 0x0000000100000000)
  eden space 218112K, 0% used [0x00000000d5f00000,0x00000000d5f00000,0x00000000e3400000)
  from space 10752K, 65% used [0x00000000e3e80000,0x00000000e45559b0,0x00000000e4900000)
  to   space 10752K, 0% used [0x00000000e3400000,0x00000000e3400000,0x00000000e3e80000)
 ParOldGen       total 57856K, used 18533K [0x0000000081c00000, 0x0000000085480000, 0x00000000d5f00000)
  object space 57856K, 32% used [0x0000000081c00000,0x0000000082e19520,0x0000000085480000)
 Metaspace       used 32395K, capacity 32976K, committed 33280K, reserved 1079296K
  class space    used 4212K, capacity 4333K, committed 4352K, reserved 1048576K
}
Event: 20.871 GC heap before
{Heap before GC invocations=14 (full 1):
 PSYoungGen      total 228864K, used 62624K [0x00000000d5f00000, 0x00000000e5480000, 0x0000000100000000)
  eden space 218112K, 25% used [0x00000000d5f00000,0x00000000d95527b0,0x00000000e3400000)
  from space 10752K, 65% used [0x00000000e3e80000,0x00000000e45559b0,0x00000000e4900000)
  to   space 10752K, 0% used [0x00000000e3400000,0x00000000e3400000,0x00000000e3e80000)
 ParOldGen       total 57856K, used 18533K [0x0000000081c00000, 0x0000000085480000, 0x00000000d5f00000)
  object space 57856K, 32% used [0x0000000081c00000,0x0000000082e19520,0x0000000085480000)
 Metaspace       used 34636K, capacity 35190K, committed 35416K, reserved 1079296K
  class space    used 4553K, capacity 4686K, committed 4736K, reserved 1048576K
Event: 20.886 GC heap after
Heap after GC invocations=14 (full 1):
 PSYoungGen      total 228864K, used 3124K [0x00000000d5f00000, 0x00000000e9c00000, 0x0000000100000000)
  eden space 218112K, 0% used [0x00000000d5f00000,0x00000000d5f00000,0x00000000e3400000)
  from space 10752K, 29% used [0x00000000e3400000,0x00000000e370d0d0,0x00000000e3e80000)
  to   space 10752K, 0% used [0x00000000e9180000,0x00000000e9180000,0x00000000e9c00000)
 ParOldGen       total 57856K, used 22303K [0x0000000081c00000, 0x0000000085480000, 0x00000000d5f00000)
  object space 57856K, 38% used [0x0000000081c00000,0x00000000831c7da0,0x0000000085480000)
 Metaspace       used 34636K, capacity 35190K, committed 35416K, reserved 1079296K
  class space    used 4553K, capacity 4686K, committed 4736K, reserved 1048576K
}
Event: 20.886 GC heap before
{Heap before GC invocations=15 (full 2):
 PSYoungGen      total 228864K, used 3124K [0x00000000d5f00000, 0x00000000e9c00000, 0x0000000100000000)
  eden space 218112K, 0% used [0x00000000d5f00000,0x00000000d5f00000,0x00000000e3400000)
  from space 10752K, 29% used [0x00000000e3400000,0x00000000e370d0d0,0x00000000e3e80000)
  to   space 10752K, 0% used [0x00000000e9180000,0x00000000e9180000,0x00000000e9c00000)
 ParOldGen       total 57856K, used 22303K [0x0000000081c00000, 0x0000000085480000, 0x00000000d5f00000)
  object space 57856K, 38% used [0x0000000081c00000,0x00000000831c7da0,0x0000000085480000)
 Metaspace       used 34636K, capacity 35190K, committed 35416K, reserved 1079296K
  class space    used 4553K, capacity 4686K, committed 4736K, reserved 1048576K
Event: 21.087 GC heap after
Heap after GC invocations=15 (full 2):
 PSYoungGen      total 228864K, used 0K [0x00000000d5f00000, 0x00000000e9c00000, 0x0000000100000000)
  eden space 218112K, 0% used [0x00000000d5f00000,0x00000000d5f00000,0x00000000e3400000)
  from space 10752K, 0% used [0x00000000e3400000,0x00000000e3400000,0x00000000e3e80000)
  to   space 10752K, 0% used [0x00000000e9180000,0x00000000e9180000,0x00000000e9c00000)
 ParOldGen       total 92672K, used 23487K [0x0000000081c00000, 0x0000000087680000, 0x00000000d5f00000)
  object space 92672K, 25% used [0x0000000081c00000,0x00000000832eff90,0x0000000087680000)
 Metaspace       used 34636K, capacity 35190K, committed 35416K, reserved 1079296K
  class space    used 4553K, capacity 4686K, committed 4736K, reserved 1048576K
}
Event: 24.556 GC heap before
{Heap before GC invocations=16 (full 2):
 PSYoungGen      total 228864K, used 218112K [0x00000000d5f00000, 0x00000000e9c00000, 0x0000000100000000)
  eden space 218112K, 100% used [0x00000000d5f00000,0x00000000e3400000,0x00000000e3400000)
  from space 10752K, 0% used [0x00000000e3400000,0x00000000e3400000,0x00000000e3e80000)
  to   space 10752K, 0% used [0x00000000e9180000,0x00000000e9180000,0x00000000e9c00000)
 ParOldGen       total 92672K, used 23487K [0x0000000081c00000, 0x0000000087680000, 0x00000000d5f00000)
  object space 92672K, 25% used [0x0000000081c00000,0x00000000832eff90,0x0000000087680000)
 Metaspace       used 43064K, capacity 43678K, committed 44248K, reserved 1087488K
  class space    used 5927K, capacity 6074K, committed 6144K, reserved 1048576K
Event: 24.571 GC heap after
Heap after GC invocations=16 (full 2):
 PSYoungGen      total 283648K, used 10724K [0x00000000d5f00000, 0x00000000e9c00000, 0x0000000100000000)
  eden space 272896K, 0% used [0x00000000d5f00000,0x00000000d5f00000,0x00000000e6980000)
  from space 10752K, 99% used [0x00000000e9180000,0x00000000e9bf9010,0x00000000e9c00000)
  to   space 12800K, 0% used [0x00000000e8300000,0x00000000e8300000,0x00000000e8f80000)
 ParOldGen       total 92672K, used 25431K [0x0000000081c00000, 0x0000000087680000, 0x00000000d5f00000)
  object space 92672K, 27% used [0x0000000081c00000,0x00000000834d5d88,0x0000000087680000)
 Metaspace       used 43064K, capacity 43678K, committed 44248K, reserved 1087488K
  class space    used 5927K, capacity 6074K, committed 6144K, reserved 1048576K
}
Event: 27.748 GC heap before
{Heap before GC invocations=17 (full 2):
 PSYoungGen      total 283648K, used 283620K [0x00000000d5f00000, 0x00000000e9c00000, 0x0000000100000000)
  eden space 272896K, 100% used [0x00000000d5f00000,0x00000000e6980000,0x00000000e6980000)
  from space 10752K, 99% used [0x00000000e9180000,0x00000000e9bf9010,0x00000000e9c00000)
  to   space 12800K, 0% used [0x00000000e8300000,0x00000000e8300000,0x00000000e8f80000)
 ParOldGen       total 92672K, used 25431K [0x0000000081c00000, 0x0000000087680000, 0x00000000d5f00000)
  object space 92672K, 27% used [0x0000000081c00000,0x00000000834d5d88,0x0000000087680000)
 Metaspace       used 47035K, capacity 47706K, committed 48088K, reserved 1091584K
  class space    used 6507K, capacity 6635K, committed 6656K, reserved 1048576K
Event: 27.801 GC heap after
Heap after GC invocations=17 (full 2):
 PSYoungGen      total 311808K, used 8680K [0x00000000d5f00000, 0x00000000ecc80000, 0x0000000100000000)
  eden space 299008K, 0% used [0x00000000d5f00000,0x00000000d5f00000,0x00000000e8300000)
  from space 12800K, 67% used [0x00000000e8300000,0x00000000e8b7a0a0,0x00000000e8f80000)
  to   space 12800K, 0% used [0x00000000ec000000,0x00000000ec000000,0x00000000ecc80000)
 ParOldGen       total 92672K, used 30519K [0x0000000081c00000, 0x0000000087680000, 0x00000000d5f00000)
  object space 92672K, 32% used [0x0000000081c00000,0x00000000839cde18,0x0000000087680000)
 Metaspace       used 47035K, capacity 47706K, committed 48088K, reserved 1091584K
  class space    used 6507K, capacity 6635K, committed 6656K, reserved 1048576K
}

